<?xml version="1.0" encoding="UTF-8"?>
<!-- Generated by org.testng.reporters.JUnitReportReporter -->
<testsuite skipped="0" hostname="LVT-SGURUNG-L" name="com.suj1.runner" tests="2" failures="0" timestamp="04 May 2020 04:06:16 GMT" time="0.215" errors="0">
  <testcase name="feature" time="0.033" classname="com.suj1.runner"/>
  <testcase name="feature" time="0.182" classname="com.suj1.runner"/>
</testsuite> <!-- com.suj1.runner -->
